SF:src/MPEMs/MPEMs.jl
LH:0
LF:0
end_of_record
SF:src/MPEMs/mpem1.jl
DA:1,990
DA:5,384
DA:8,0
DA:10,8862
DA:14,1241
DA:15,1241
DA:16,1241
DA:18,2482
DA:19,1241
DA:20,1241
DA:22,2482
DA:23,1241
DA:24,1241
DA:26,1241
DA:27,2123
DA:28,2123
DA:29,2123
DA:30,4246
DA:31,2123
DA:34,1241
DA:38,348
DA:39,522
DA:40,174
DA:41,174
DA:42,174
DA:43,348
DA:44,730
DA:45,452
DA:46,904
DA:47,1216
DA:48,834
DA:49,834
DA:50,834
DA:53,1668
DA:54,1216
DA:55,730
DA:56,174
LH:36
LF:37
end_of_record
SF:src/MPEMs/mpem2.jl
DA:3,5959
DA:6,594
DA:9,0
DA:13,0
DA:14,0
DA:15,0
DA:17,0
DA:18,0
DA:19,0
DA:21,0
DA:22,0
DA:23,0
DA:25,0
DA:26,0
DA:27,0
DA:28,0
DA:29,0
DA:30,0
DA:33,0
DA:36,0
DA:37,0
DA:38,0
DA:39,0
DA:43,0
DA:44,0
DA:45,0
DA:46,0
DA:47,0
DA:48,0
DA:49,0
DA:50,0
DA:51,0
DA:52,0
DA:53,0
DA:54,0
DA:55,0
DA:58,0
DA:59,0
DA:60,0
DA:61,0
DA:64,0
DA:66,0
DA:67,0
DA:71,990
DA:72,990
LH:4
LF:45
end_of_record
SF:src/MPEMs/mpem3.jl
DA:4,2595
DA:6,7
DA:7,7
DA:8,7
DA:9,14
DA:10,14
DA:11,21
DA:12,7
DA:13,7
DA:17,2595
DA:18,2595
DA:19,7785
DA:21,2595
DA:22,2595
DA:23,2595
DA:24,5190
DA:25,7131
DA:26,7131
DA:27,7131
DA:28,7131
DA:29,7131
DA:30,7131
DA:31,7131
DA:33,7131
DA:34,11667
DA:35,2595
DA:36,2595
DA:37,2595
LH:28
LF:28
end_of_record
SF:src/MPEMs/mptrain.jl
DA:6,10033
DA:7,10033
DA:9,10033
DA:11,10033
DA:19,0
DA:21,10033
DA:22,20066
DA:23,28374
DA:24,28374
DA:25,28374
DA:26,0
DA:27,0
DA:29,46715
DA:30,10033
DA:35,3791
DA:36,3791
DA:37,3791
DA:38,14889
DA:39,29778
DA:40,29778
DA:41,14889
DA:43,18680
DA:44,3791
DA:47,0
DA:49,0
DA:56,489
DA:59,0
DA:61,0
DA:63,36500
DA:65,0
DA:67,28
DA:69,75509
DA:70,21759
DA:73,7470
DA:74,3735
DA:75,3735
DA:76,3735
DA:77,3735
DA:79,7470
DA:80,10828
DA:81,10828
DA:82,10828
DA:83,32484
DA:84,10828
DA:85,10828
DA:86,10828
DA:87,10828
DA:88,10828
DA:89,17921
DA:90,3735
DA:91,3735
DA:96,3514
DA:97,1757
DA:98,1757
DA:99,1757
DA:100,1757
DA:102,3514
DA:103,5439
DA:104,5439
DA:105,5439
DA:106,16317
DA:107,5439
DA:108,5439
DA:109,5439
DA:110,5439
DA:111,5439
DA:112,9121
DA:113,1757
DA:114,1757
DA:117,6932
DA:118,6932
DA:119,6932
DA:120,6932
DA:121,6932
DA:122,6932
DA:124,6932
DA:125,13864
DA:126,19752
DA:127,39504
DA:128,19752
DA:129,32572
DA:130,6932
DA:133,6932
DA:134,6932
DA:135,6932
DA:136,6932
DA:137,6932
DA:138,6932
DA:140,6932
DA:141,13864
DA:142,19752
DA:143,39504
DA:144,19752
DA:145,32572
DA:146,6932
DA:149,174
DA:150,174
DA:151,174
DA:154,348
DA:155,452
DA:156,452
DA:157,452
DA:158,730
DA:160,348
DA:161,452
DA:162,730
DA:163,382
DA:164,764
DA:165,382
DA:166,486
DA:167,730
DA:169,174
DA:173,11020
DA:174,11020
DA:175,5510
DA:176,5510
DA:181,3791
DA:182,3791
DA:183,3791
DA:184,3791
DA:185,3791
DA:186,29778
DA:187,18680
DA:188,3791
LH:116
LF:124
end_of_record
SF:src/MPEMs/svd_trunc.jl
DA:7,336
DA:9,14107
DA:10,14107
DA:11,14107
DA:14,0
DA:15,0
DA:19,3
DA:21,2160
DA:22,2160
DA:25,0
DA:26,0
LH:7
LF:11
end_of_record
SF:src/MatrixProductBP.jl
LH:0
LF:0
end_of_record
SF:src/Models/Models.jl
LH:0
LF:0
end_of_record
SF:src/Models/glauber/glauber.jl
DA:2,83185830
DA:3,0
DA:7,56
DA:13,28
DA:14,28
DA:15,28
DA:16,28
DA:19,0
DA:20,0
DA:23,252
DA:25,0
DA:27,0
DA:28,0
DA:29,0
DA:30,0
DA:31,0
DA:32,0
DA:33,0
DA:34,0
DA:35,0
DA:44,35
DA:47,35
DA:48,35
DA:49,35
DA:50,35
DA:51,35
DA:52,35
DA:56,56
DA:59,28
LH:16
LF:29
end_of_record
SF:src/Models/glauber/glauber_bp.jl
DA:2,140
DA:7,182
DA:12,196760
DA:14,91
DA:15,91
DA:18,70
DA:19,70
DA:22,6923308
DA:25,6923308
DA:26,6923308
DA:27,6923308
DA:29,6923308
DA:30,6923308
DA:31,6923308
DA:34,17891720
DA:37,17891720
DA:38,17891720
DA:40,35783440
DA:41,17891720
DA:42,17891720
DA:43,17891720
DA:46,70
DA:47,35
DA:48,35
DA:49,35
DA:50,35
DA:51,35
DA:57,35
DA:58,35
DA:59,161
DA:60,322
DA:61,161
DA:62,161
DA:63,252
DA:64,91
DA:66,231
DA:68,161
DA:73,1844352
DA:74,1844352
DA:75,1844352
DA:76,1844352
DA:77,1844352
DA:78,1844352
DA:79,1844352
DA:82,1591288
DA:83,2628784
LH:46
LF:46
end_of_record
SF:src/Models/infinite_graph.jl
DA:9,3
DA:12,72
DA:13,39
DA:14,6
DA:15,3
DA:16,144
DA:17,36
DA:18,0
DA:19,3
DA:21,6
DA:26,3
DA:27,3
DA:28,3
DA:30,3
DA:31,3
DA:32,3
DA:33,3
LH:16
LF:17
end_of_record
SF:src/Models/recursive_bp_factor.jl
DA:11,22
DA:16,0
DA:19,2
DA:22,40
DA:29,540
DA:31,540
DA:32,540
DA:33,540
DA:34,1080
DA:35,780
DA:38,960
DA:39,480
DA:42,803200
DA:43,803200
DA:52,779776
DA:55,990
DA:56,990
DA:59,610
DA:60,610
DA:63,1600
DA:65,1600
DA:66,1600
DA:67,3200
DA:68,4686
DA:69,9372
DA:70,7772
DA:71,1600
DA:72,3200
DA:73,1600
DA:74,1600
DA:77,613
DA:78,613
DA:79,613
DA:80,613
DA:81,993
DA:82,3951
DA:83,205681
DA:84,3950
DA:86,990
DA:89,1220
DA:90,610
DA:92,2360
DA:93,1750
DA:94,7168
DA:95,15614986
DA:96,7168
DA:98,1750
DA:99,1750
DA:100,1750
DA:101,1750
DA:103,610
DA:104,610
DA:105,610
DA:106,610
DA:111,1226
DA:113,613
DA:114,613
DA:115,613
DA:116,613
DA:117,613
DA:118,1220
DA:119,990
DA:120,990
DA:121,990
DA:122,1370
DA:123,610
DA:124,610
DA:125,610
LH:67
LF:68
end_of_record
SF:src/Models/sis/sis.jl
DA:7,10
DA:10,10
DA:11,10
DA:12,10
DA:13,10
DA:14,10
DA:15,10
DA:16,10
DA:17,10
DA:18,10
DA:22,20
DA:26,10
DA:29,7
DA:30,7
LH:14
LF:14
end_of_record
SF:src/Models/sis/sis_bp.jl
DA:7,31
DA:8,31
DA:9,31
DA:10,31
DA:15,1233764
DA:17,9441060
DA:18,9441060
DA:19,9441060
DA:21,9441060
DA:23,9441060
DA:24,4720312
DA:25,2360094
DA:27,2360218
DA:30,9441496
DA:31,4720748
DA:32,2360546
DA:33,2360202
DA:34,2360202
DA:39,14
DA:40,7
DA:41,7
DA:42,7
DA:43,7
DA:47,2732256
DA:48,2732256
DA:49,2732256
DA:50,2732256
DA:51,2732256
DA:52,2732256
DA:53,1366040
DA:54,1366216
DA:55,1366216
DA:59,2760872
DA:60,2760872
DA:61,2760872
DA:64,95220684
LH:36
LF:36
end_of_record
SF:src/Models/sis/sis_inference.jl
DA:3,0
DA:7,0
DA:8,0
DA:9,0
DA:10,0
DA:11,0
DA:13,0
DA:14,0
DA:15,0
DA:16,0
DA:17,0
DA:20,0
DA:25,0
DA:27,0
DA:28,0
DA:29,0
DA:31,0
DA:34,0
DA:36,0
DA:37,0
DA:38,0
DA:39,0
DA:40,0
DA:41,0
DA:42,0
DA:44,0
DA:46,0
DA:50,0
DA:52,0
DA:53,0
DA:54,0
DA:55,0
DA:56,0
DA:58,0
DA:62,0
DA:64,0
DA:65,0
DA:66,0
DA:68,0
DA:69,0
DA:70,0
DA:76,0
DA:78,0
DA:79,0
DA:80,0
DA:82,0
DA:83,0
DA:84,0
LH:0
LF:48
end_of_record
SF:src/bp_core.jl
DA:15,1216
DA:18,608
DA:19,608
DA:20,608
DA:21,608
DA:22,608
DA:23,608
DA:24,608
DA:25,608
DA:26,608
DA:27,608
DA:29,608
DA:31,1216
DA:32,608
DA:33,1216
DA:35,2104
DA:36,2104
DA:37,2104
DA:39,4208
DA:40,8416
DA:41,8416
DA:42,39976
DA:43,39976
DA:44,68400
DA:47,39976
DA:48,12624
DA:49,4208
DA:50,6312
DA:51,2104
DA:52,121296
DA:53,4208
DA:54,3600
DA:56,608
DA:60,760
DA:63,380
DA:64,380
DA:65,380
DA:66,380
DA:67,380
DA:68,380
DA:69,380
DA:71,380
DA:72,760
DA:73,380
DA:74,760
DA:75,1315
DA:76,1315
DA:77,1315
DA:78,1315
DA:79,2630
DA:80,5260
DA:81,5260
DA:82,37872
DA:85,18936
DA:86,7890
DA:87,3945
DA:88,1315
DA:89,116051
DA:90,2630
DA:91,2250
DA:93,380
DA:96,250
DA:97,250
DA:98,250
DA:99,250
DA:100,750
DA:101,250
DA:102,250
DA:104,500
DA:105,2552
DA:106,638
DA:107,638
DA:108,1026
DA:109,250
DA:112,250
DA:113,250
DA:114,250
DA:115,250
DA:116,750
DA:117,250
DA:118,250
DA:120,500
DA:121,2552
DA:122,638
DA:123,638
DA:124,1026
DA:125,250
DA:128,0
DA:129,0
DA:130,0
DA:131,0
DA:134,0
DA:135,0
DA:136,0
DA:137,0
DA:138,0
DA:139,0
DA:141,0
DA:142,0
DA:143,0
DA:144,0
DA:145,0
DA:147,0
DA:148,0
DA:149,0
DA:151,0
DA:155,0
DA:157,0
DA:158,0
DA:159,0
DA:161,0
DA:162,0
DA:163,0
DA:164,0
DA:166,0
DA:167,0
DA:168,0
DA:169,0
DA:170,0
DA:171,0
DA:172,0
DA:173,0
DA:174,0
DA:175,0
DA:179,0
DA:180,0
DA:181,0
DA:182,0
DA:184,0
DA:189,250
DA:191,250
DA:192,250
DA:193,500
DA:194,250
DA:195,250
DA:197,250
DA:198,250
DA:200,750
DA:201,250
DA:202,500
DA:204,500
DA:206,750
DA:207,250
DA:208,500
DA:210,500
DA:212,250
DA:213,388
DA:214,1164
DA:215,388
DA:216,776
DA:219,388
DA:222,250
LH:110
LF:152
end_of_record
SF:src/exact.jl
DA:3,17891328
DA:5,68
DA:6,68
DA:7,136
DA:8,68
DA:10,68
DA:11,68
DA:12,3080192
DA:13,68
DA:14,1046
DA:15,136
DA:16,3080192
DA:17,6160384
DA:18,13697024
DA:19,13697024
DA:20,27394048
DA:21,34209792
DA:22,34209792
DA:23,54722560
DA:24,24313856
DA:25,6160384
DA:26,42467328
DA:27,73924608
DA:28,126615552
DA:29,34930688
DA:30,6160384
DA:31,6160316
DA:32,68
DA:33,68
DA:35,3080260
DA:36,68
DA:37,68
DA:40,134
DA:41,134
DA:42,67
DA:43,67
DA:44,67
DA:45,134
DA:46,134
DA:47,296
DA:48,14811136
DA:49,14811136
DA:50,14811136
DA:51,592
DA:52,525
DA:53,67
DA:54,67
DA:57,80
DA:58,40
DA:59,80
DA:60,40
DA:61,80
DA:62,348
DA:63,1252
DA:64,1252
DA:65,1252
DA:66,1878
DA:68,1078
DA:69,308
DA:70,40
DA:73,26
DA:75,13
DA:76,468
DA:80,0
DA:82,54
DA:84,27
DA:85,54
DA:86,27
DA:87,54
DA:88,418
DA:89,522
DA:90,2088
DA:91,1566
DA:92,2088
DA:93,7512
DA:94,2088
DA:95,5424
DA:96,2088
DA:98,3336
DA:101,2088
DA:102,2610
DA:103,4698
DA:104,818
DA:105,217
DA:106,27
DA:109,1708
DA:112,26
DA:114,13
DA:117,0
DA:118,0
LH:87
LF:90
end_of_record
SF:src/mpbp.jl
DA:9,50
DA:14,50
DA:15,50
DA:16,50
DA:17,50
DA:18,50
DA:20,50
DA:21,50
DA:22,50
DA:23,50
DA:24,50
DA:25,50
DA:26,100
DA:28,97
DA:29,212
DA:30,374
DA:31,50
DA:35,1537
DA:36,37
DA:37,8075
DA:40,47
DA:41,47
DA:42,47
DA:43,47
DA:44,47
DA:45,94
DA:46,418
DA:47,324
DA:48,324
DA:49,162
DA:50,162
DA:51,324
DA:52,592
DA:53,1022
DA:55,439
DA:56,371
DA:57,47
DA:60,84
DA:68,42
DA:71,10
DA:72,10
DA:73,60
DA:74,3156
DA:75,300
DA:76,60
DA:77,70
DA:78,10
DA:82,760
DA:84,380
DA:85,380
DA:86,380
DA:87,380
DA:88,380
DA:89,380
DA:90,760
DA:91,608
DA:92,608
DA:93,608
DA:94,608
DA:95,608
DA:96,836
DA:97,380
DA:98,380
DA:99,380
DA:102,324
DA:103,162
DA:107,760
DA:109,380
DA:110,380
DA:111,380
DA:112,380
DA:113,380
DA:114,380
DA:115,380
DA:125,7892
DA:126,94
DA:127,52
DA:128,52
DA:131,1690
DA:132,52
DA:133,52
DA:137,208
DA:138,6358
DA:139,208
DA:140,416
DA:141,208
DA:142,208
DA:143,416
DA:144,208
DA:145,208
DA:148,104
DA:152,104
DA:153,211
DA:154,831
DA:155,1036
DA:156,208
DA:157,208
DA:158,620
DA:159,318
DA:160,0
DA:165,37
DA:166,37
DA:167,162
DA:168,37
DA:169,37
DA:170,37
DA:171,37
DA:172,74
DA:173,162
DA:174,324
DA:175,250
DA:176,250
DA:177,250
DA:178,500
DA:179,250
DA:180,250
DA:181,500
DA:182,338
DA:183,287
DA:184,37
DA:187,34
DA:189,0
DA:191,2816
DA:193,8620
DA:195,40
DA:196,40
DA:197,18526
DA:201,5054
DA:203,13
DA:204,13
DA:205,468
DA:210,104
DA:212,13
DA:213,13
DA:214,13
DA:215,13
DA:218,0
DA:220,74
DA:221,162
DA:222,74
DA:223,162
DA:224,162
DA:225,287
DA:226,37
DA:227,74
DA:228,37
DA:232,216
DA:233,216
DA:234,432
DA:235,216
DA:236,216
DA:238,432
DA:239,864
DA:240,1512
DA:242,432
DA:243,1056
DA:244,1932
DA:245,1932
DA:246,1872
DA:247,3276
DA:248,780
DA:249,312
DA:250,1248
DA:251,3744
DA:252,6240
DA:253,1092
DA:254,156
DA:260,0
DA:264,0
DA:265,0
DA:266,0
DA:267,0
DA:268,0
DA:269,0
DA:270,0
DA:271,0
DA:272,0
DA:273,0
DA:274,0
DA:275,0
DA:277,0
DA:281,0
DA:282,0
DA:285,21
DA:289,21
DA:290,21
DA:291,21
DA:292,84
DA:293,2436
DA:294,280
DA:295,84
DA:296,84
DA:298,196
DA:302,21
DA:303,21
DA:306,35
DA:308,35
DA:309,35
DA:310,35
DA:311,35
DA:312,35
DA:314,70
DA:315,322
DA:316,252
DA:317,252
DA:318,252
DA:319,126
DA:321,126
DA:323,343
DA:324,287
DA:326,35
LH:192
LF:211
end_of_record
SF:src/sampling.jl
DA:8,0
DA:11,0
DA:12,0
DA:13,0
DA:14,0
DA:16,0
DA:20,0
DA:21,0
DA:22,0
DA:23,0
DA:27,256
DA:29,128
DA:30,256
DA:31,128
DA:32,128
DA:34,256
DA:35,526
DA:36,526
DA:37,526
DA:38,526
DA:39,924
DA:41,256
DA:42,740
DA:43,1508
DA:44,1508
DA:45,1508
DA:46,2792
DA:47,1508
DA:48,1508
DA:49,2646
DA:50,612
DA:51,256
DA:52,996
DA:53,3072
DA:54,5106
DA:55,868
DA:56,128
DA:58,256
DA:59,256
DA:60,2034
DA:61,128
DA:64,0
DA:67,0
DA:68,0
DA:69,0
DA:70,0
DA:71,0
DA:72,0
DA:73,0
DA:74,0
DA:75,0
DA:76,0
DA:77,0
DA:79,0
DA:82,0
DA:83,0
DA:84,0
DA:88,0
DA:89,0
DA:90,0
DA:91,0
DA:92,0
DA:93,0
DA:94,0
DA:96,0
DA:97,0
DA:98,0
DA:99,0
DA:101,0
DA:102,0
DA:103,0
DA:104,0
DA:105,0
DA:107,0
DA:110,0
DA:111,0
DA:112,0
DA:113,0
DA:114,0
DA:115,0
DA:116,0
DA:117,0
DA:118,0
DA:119,0
DA:121,0
DA:122,0
DA:123,0
DA:124,0
DA:125,0
DA:126,0
DA:127,0
DA:128,0
DA:129,0
DA:130,0
DA:131,0
DA:132,0
DA:133,0
DA:136,0
DA:138,0
DA:139,0
DA:140,0
DA:146,74
DA:149,37
DA:150,37
DA:151,12
DA:153,68
DA:155,111
DA:156,37
DA:157,564
DA:158,282
DA:159,67
DA:161,319
DA:162,37
DA:166,42
DA:167,21
DA:168,21
DA:169,21
LH:47
LF:117
end_of_record
SF:src/utils.jl
DA:2,7
DA:3,6312
DA:4,1578
DA:5,0
DA:8,789
DA:9,1315
DA:10,1315
DA:12,8220
DA:13,8220
DA:16,263
DA:17,263
DA:24,2034
DA:25,4068
DA:26,2034
DA:27,2034
DA:28,2034
DA:29,2897
DA:30,863
DA:31,863
DA:32,863
DA:33,2034
DA:35,0
DA:38,610
DA:39,610
DA:40,610
DA:41,610
DA:42,399
DA:43,399
DA:45,422
DA:46,211
DA:47,211
DA:48,422
DA:49,380
DA:50,380
DA:51,549
DA:52,211
DA:53,211
DA:56,610
DA:57,610
DA:58,610
DA:59,610
LH:39
LF:41
end_of_record
